0 info it worked if it ends with ok
1 verbose cli [ '/usr/bin/node', '/usr/bin/npm', 'install', 'spatiallite' ]
2 info using npm@1.4.28
3 info using node@v0.10.37
4 verbose node symlink /usr/bin/node
5 verbose config Skipping project config: /home/julien/.npmrc. (matches userconfig)
6 warn package.json fs@0.0.2 fs is also the name of a node core module.
7 warn package.json fs@0.0.2 No description
8 warn package.json fs@0.0.2 No repository field.
9 warn package.json fs@0.0.2 No README data
10 verbose cache add [ 'spatiallite', null ]
11 verbose cache add name=undefined spec="spatiallite" args=["spatiallite",null]
12 verbose parsed url { protocol: null,
12 verbose parsed url   slashes: null,
12 verbose parsed url   auth: null,
12 verbose parsed url   host: null,
12 verbose parsed url   port: null,
12 verbose parsed url   hostname: null,
12 verbose parsed url   hash: null,
12 verbose parsed url   search: null,
12 verbose parsed url   query: null,
12 verbose parsed url   pathname: 'spatiallite',
12 verbose parsed url   path: 'spatiallite',
12 verbose parsed url   href: 'spatiallite' }
13 silly lockFile 57f790c4-spatiallite spatiallite
14 verbose lock spatiallite /home/julien/.npm/57f790c4-spatiallite.lock
15 silly lockFile 57f790c4-spatiallite spatiallite
16 silly lockFile 57f790c4-spatiallite spatiallite
17 verbose addNamed [ 'spatiallite', '' ]
18 verbose addNamed [ null, '*' ]
19 silly lockFile 9264d9fa-spatiallite spatiallite@
20 verbose lock spatiallite@ /home/julien/.npm/9264d9fa-spatiallite.lock
21 silly addNameRange { name: 'spatiallite', range: '*', hasData: false }
22 verbose request where is /spatiallite
23 verbose request registry https://registry.npmjs.org/
24 verbose request id 66a825777f66f9b9
25 verbose url raw /spatiallite
26 verbose url resolving [ 'https://registry.npmjs.org/', './spatiallite' ]
27 verbose url resolved https://registry.npmjs.org/spatiallite
28 verbose request where is https://registry.npmjs.org/spatiallite
29 info trying registry request attempt 1 at 15:08:40
30 http GET https://registry.npmjs.org/spatiallite
31 http 404 https://registry.npmjs.org/spatiallite
32 verbose headers { date: 'Wed, 22 Apr 2015 13:08:40 GMT',
32 verbose headers   server: 'CouchDB/1.5.0 (Erlang OTP/R16B03)',
32 verbose headers   'content-type': 'application/json',
32 verbose headers   'cache-control': 'max-age=0',
32 verbose headers   'content-length': '51',
32 verbose headers   'accept-ranges': 'bytes',
32 verbose headers   via: '1.1 varnish',
32 verbose headers   age: '0',
32 verbose headers   'x-served-by': 'cache-ams4132-AMS',
32 verbose headers   'x-cache': 'MISS',
32 verbose headers   'x-cache-hits': '0',
32 verbose headers   'x-timer': 'S1429708120.592117,VS0,VE164',
32 verbose headers   'keep-alive': 'timeout=10, max=50',
32 verbose headers   connection: 'Keep-Alive' }
33 silly registry.get cb [ 404,
33 silly registry.get   { date: 'Wed, 22 Apr 2015 13:08:40 GMT',
33 silly registry.get     server: 'CouchDB/1.5.0 (Erlang OTP/R16B03)',
33 silly registry.get     'content-type': 'application/json',
33 silly registry.get     'cache-control': 'max-age=0',
33 silly registry.get     'content-length': '51',
33 silly registry.get     'accept-ranges': 'bytes',
33 silly registry.get     via: '1.1 varnish',
33 silly registry.get     age: '0',
33 silly registry.get     'x-served-by': 'cache-ams4132-AMS',
33 silly registry.get     'x-cache': 'MISS',
33 silly registry.get     'x-cache-hits': '0',
33 silly registry.get     'x-timer': 'S1429708120.592117,VS0,VE164',
33 silly registry.get     'keep-alive': 'timeout=10, max=50',
33 silly registry.get     connection: 'Keep-Alive' } ]
34 silly lockFile 9264d9fa-spatiallite spatiallite@
35 silly lockFile 9264d9fa-spatiallite spatiallite@
36 error 404 404 Not Found: spatiallite
36 error 404
36 error 404 'spatiallite' is not in the npm registry.
36 error 404 You should bug the author to publish it
36 error 404
36 error 404 Note that you can also install from a
36 error 404 tarball, folder, or http url, or git url.
37 error System Linux 3.16.0-24-generic
38 error command "/usr/bin/node" "/usr/bin/npm" "install" "spatiallite"
39 error cwd /home/julien/Documents/osm_street_collector
40 error node -v v0.10.37
41 error npm -v 1.4.28
42 error code E404
43 verbose exit [ 1, true ]
